2025-05-11 14:05:06,060 INFO: 开始数据预处理...
2025-05-11 14:05:06,060 INFO: 找到 0 个CSV文件
2025-05-11 14:05:06,060 ERROR: 在目录 D:\清华MEM\3-智慧城市\格瑞德参观\集团空调23年每小时数据\地源热泵优化项目\1_数据预处理 下未找到任何CSV文件，请检查路径设置！
2025-05-11 14:05:06,061 ERROR: 合并后的数据为空，程序终止。请检查数据目录和文件格式。
2025-05-11 14:05:20,969 INFO: 开始数据预处理...
2025-05-11 14:05:20,969 INFO: 找到 43 个CSV文件
2025-05-11 14:05:20,970 INFO: 正在处理文件: 1#主机运行时长.csv
2025-05-11 14:05:21,080 WARNING: 警告：文件 1#主机运行时长.csv 的列名异常，跳过该文件
2025-05-11 14:05:21,080 INFO: 正在处理文件: 1#排气温度.csv
2025-05-11 14:05:21,104 WARNING: 警告：文件 1#排气温度.csv 的列名异常，跳过该文件
2025-05-11 14:05:21,106 INFO: 正在处理文件: 1#螺杆机有功功率D1016.csv
2025-05-11 14:05:21,116 WARNING: 警告：文件 1#螺杆机有功功率D1016.csv 的列名异常，跳过该文件
2025-05-11 14:05:21,116 INFO: 正在处理文件: 1#螺杆机有功电度D1018.csv
2025-05-11 14:05:21,123 WARNING: 警告：文件 1#螺杆机有功电度D1018.csv 的列名异常，跳过该文件
2025-05-11 14:05:21,123 INFO: 正在处理文件: 2#主机运行时长.csv
2025-05-11 14:05:21,164 WARNING: 警告：文件 2#主机运行时长.csv 的列名异常，跳过该文件
2025-05-11 14:05:21,164 INFO: 正在处理文件: 2#排气温度.csv
2025-05-11 14:05:21,189 WARNING: 警告：文件 2#排气温度.csv 的列名异常，跳过该文件
2025-05-11 14:05:21,191 INFO: 正在处理文件: 2#螺杆机有功功率D1020.csv
2025-05-11 14:05:21,414 WARNING: 警告：文件 2#螺杆机有功功率D1020.csv 的列名异常，跳过该文件
2025-05-11 14:05:21,414 INFO: 正在处理文件: 2#螺杆机有功电度D1022.csv
2025-05-11 14:05:21,446 WARNING: 警告：文件 2#螺杆机有功电度D1022.csv 的列名异常，跳过该文件
2025-05-11 14:05:21,446 INFO: 正在处理文件: 冷凝出水温度.csv
2025-05-11 14:05:21,473 WARNING: 警告：文件 冷凝出水温度.csv 的列名异常，跳过该文件
2025-05-11 14:05:21,474 INFO: 正在处理文件: 冷凝回水温度.csv
2025-05-11 14:05:21,525 WARNING: 警告：文件 冷凝回水温度.csv 的列名异常，跳过该文件
2025-05-11 14:05:21,525 INFO: 正在处理文件: 制冷控制温度.csv
2025-05-11 14:05:21,557 WARNING: 警告：文件 制冷控制温度.csv 的列名异常，跳过该文件
2025-05-11 14:05:21,557 INFO: 正在处理文件: 启动停止命令.csv
2025-05-11 14:05:21,665 WARNING: 警告：文件 启动停止命令.csv 的列名异常，跳过该文件
2025-05-11 14:05:21,665 INFO: 正在处理文件: 地源出水压力.csv
2025-05-11 14:05:21,773 WARNING: 警告：文件 地源出水压力.csv 的列名异常，跳过该文件
2025-05-11 14:05:21,773 INFO: 正在处理文件: 地源出水温度.csv
2025-05-11 14:05:21,809 WARNING: 警告：文件 地源出水温度.csv 的列名异常，跳过该文件
2025-05-11 14:05:21,810 INFO: 正在处理文件: 地源水净累积流量.csv
2025-05-11 14:05:21,832 WARNING: 警告：文件 地源水净累积流量.csv 的列名异常，跳过该文件
2025-05-11 14:05:21,833 INFO: 正在处理文件: 地源水净累积热量.csv
2025-05-11 14:05:21,935 WARNING: 警告：文件 地源水净累积热量.csv 的列名异常，跳过该文件
2025-05-11 14:05:21,935 INFO: 正在处理文件: 地源水正累积热量.csv
2025-05-11 14:05:22,037 WARNING: 警告：文件 地源水正累积热量.csv 的列名异常，跳过该文件
2025-05-11 14:05:22,037 INFO: 正在处理文件: 地源水温度1供水温度.csv
2025-05-11 14:05:22,062 WARNING: 警告：文件 地源水温度1供水温度.csv 的列名异常，跳过该文件
2025-05-11 14:05:22,062 INFO: 正在处理文件: 地源水温度2供水温度.csv
2025-05-11 14:05:22,094 WARNING: 警告：文件 地源水温度2供水温度.csv 的列名异常，跳过该文件
2025-05-11 14:05:22,094 INFO: 正在处理文件: 地源水瞬时流量.csv
2025-05-11 14:05:22,198 WARNING: 警告：文件 地源水瞬时流量.csv 的列名异常，跳过该文件
2025-05-11 14:05:22,198 INFO: 正在处理文件: 地源水瞬时热流量.csv
2025-05-11 14:05:22,302 WARNING: 警告：文件 地源水瞬时热流量.csv 的列名异常，跳过该文件
2025-05-11 14:05:22,303 INFO: 正在处理文件: 地源水负累积热量.csv
2025-05-11 14:05:22,406 WARNING: 警告：文件 地源水负累积热量.csv 的列名异常，跳过该文件
2025-05-11 14:05:22,406 INFO: 正在处理文件: 地源进水压力.csv
2025-05-11 14:05:22,437 WARNING: 警告：文件 地源进水压力.csv 的列名异常，跳过该文件
2025-05-11 14:05:22,437 INFO: 正在处理文件: 地源进水温度.csv
2025-05-11 14:05:22,463 WARNING: 警告：文件 地源进水温度.csv 的列名异常，跳过该文件
2025-05-11 14:05:22,463 INFO: 正在处理文件: 总有功功率D1012.csv
2025-05-11 14:05:22,484 WARNING: 警告：文件 总有功功率D1012.csv 的列名异常，跳过该文件
2025-05-11 14:05:22,484 INFO: 正在处理文件: 总有功电度178404,178783.84.csv
2025-05-11 14:05:22,513 WARNING: 警告：文件 总有功电度178404,178783.84.csv 的列名异常，跳过该文件
2025-05-11 14:05:22,513 INFO: 正在处理文件: 机组运行模式0制冷1制热.csv
2025-05-11 14:05:22,617 WARNING: 警告：文件 机组运行模式0制冷1制热.csv 的列名异常，跳过该文件
2025-05-11 14:05:22,617 INFO: 正在处理文件: 环境温度.csv
2025-05-11 14:05:22,639 WARNING: 警告：文件 环境温度.csv 的列名异常，跳过该文件
2025-05-11 14:05:22,640 INFO: 正在处理文件: 环境湿度.csv
2025-05-11 14:05:22,747 WARNING: 警告：文件 环境湿度.csv 的列名异常，跳过该文件
2025-05-11 14:05:22,747 INFO: 正在处理文件: 空调出水压力.csv
2025-05-11 14:05:22,766 WARNING: 警告：文件 空调出水压力.csv 的列名异常，跳过该文件
2025-05-11 14:05:22,766 INFO: 正在处理文件: 空调出水温度.csv
2025-05-11 14:05:22,795 WARNING: 警告：文件 空调出水温度.csv 的列名异常，跳过该文件
2025-05-11 14:05:22,795 INFO: 正在处理文件: 空调水净累积流量.csv
2025-05-11 14:05:22,894 WARNING: 警告：文件 空调水净累积流量.csv 的列名异常，跳过该文件
2025-05-11 14:05:22,894 INFO: 正在处理文件: 空调水净累积热量.csv
2025-05-11 14:05:22,915 WARNING: 警告：文件 空调水净累积热量.csv 的列名异常，跳过该文件
2025-05-11 14:05:22,916 INFO: 正在处理文件: 空调水正累积热量.csv
2025-05-11 14:05:22,936 WARNING: 警告：文件 空调水正累积热量.csv 的列名异常，跳过该文件
2025-05-11 14:05:22,937 INFO: 正在处理文件: 空调水温度1供水温度.csv
2025-05-11 14:05:22,964 WARNING: 警告：文件 空调水温度1供水温度.csv 的列名异常，跳过该文件
2025-05-11 14:05:22,965 INFO: 正在处理文件: 空调水温度2供水温度.csv
2025-05-11 14:05:22,993 WARNING: 警告：文件 空调水温度2供水温度.csv 的列名异常，跳过该文件
2025-05-11 14:05:22,993 INFO: 正在处理文件: 空调水瞬时流量.csv
2025-05-11 14:05:23,025 WARNING: 警告：文件 空调水瞬时流量.csv 的列名异常，跳过该文件
2025-05-11 14:05:23,025 INFO: 正在处理文件: 空调水瞬时热流量.csv
2025-05-11 14:05:23,051 WARNING: 警告：文件 空调水瞬时热流量.csv 的列名异常，跳过该文件
2025-05-11 14:05:23,051 INFO: 正在处理文件: 空调水负累积热量.csv
2025-05-11 14:05:23,074 WARNING: 警告：文件 空调水负累积热量.csv 的列名异常，跳过该文件
2025-05-11 14:05:23,074 INFO: 正在处理文件: 空调进水压力.csv
2025-05-11 14:05:23,100 WARNING: 警告：文件 空调进水压力.csv 的列名异常，跳过该文件
2025-05-11 14:05:23,100 INFO: 正在处理文件: 空调进水温度.csv
2025-05-11 14:05:23,133 WARNING: 警告：文件 空调进水温度.csv 的列名异常，跳过该文件
2025-05-11 14:05:23,133 INFO: 正在处理文件: 蒸发出水温度.csv
2025-05-11 14:05:23,161 WARNING: 警告：文件 蒸发出水温度.csv 的列名异常，跳过该文件
2025-05-11 14:05:23,161 INFO: 正在处理文件: 蒸发回水温度.csv
2025-05-11 14:05:23,183 WARNING: 警告：文件 蒸发回水温度.csv 的列名异常，跳过该文件
2025-05-11 14:05:23,183 ERROR: 合并后的数据为空，程序终止。请检查数据目录和文件格式。
2025-05-11 14:10:15,732 INFO: 开始数据预处理...
2025-05-11 14:10:15,732 INFO: 找到 43 个CSV文件
2025-05-11 14:10:15,733 INFO: 正在处理文件: 1#主机运行时长.csv
2025-05-11 14:10:15,749 INFO: 正在处理文件: 1#排气温度.csv
2025-05-11 14:10:15,760 INFO: 正在处理文件: 1#螺杆机有功功率D1016.csv
2025-05-11 14:10:15,770 INFO: 正在处理文件: 1#螺杆机有功电度D1018.csv
2025-05-11 14:10:15,780 INFO: 正在处理文件: 2#主机运行时长.csv
2025-05-11 14:10:15,790 INFO: 正在处理文件: 2#排气温度.csv
2025-05-11 14:10:15,798 INFO: 正在处理文件: 2#螺杆机有功功率D1020.csv
2025-05-11 14:10:15,806 INFO: 正在处理文件: 2#螺杆机有功电度D1022.csv
2025-05-11 14:10:15,816 INFO: 正在处理文件: 冷凝出水温度.csv
2025-05-11 14:10:15,825 INFO: 正在处理文件: 冷凝回水温度.csv
2025-05-11 14:10:15,835 INFO: 正在处理文件: 制冷控制温度.csv
2025-05-11 14:10:15,845 INFO: 正在处理文件: 启动停止命令.csv
2025-05-11 14:10:15,855 INFO: 正在处理文件: 地源出水压力.csv
2025-05-11 14:10:15,865 INFO: 正在处理文件: 地源出水温度.csv
2025-05-11 14:10:15,875 INFO: 正在处理文件: 地源水净累积流量.csv
2025-05-11 14:10:15,887 INFO: 正在处理文件: 地源水净累积热量.csv
2025-05-11 14:10:15,895 INFO: 正在处理文件: 地源水正累积热量.csv
2025-05-11 14:10:15,904 INFO: 正在处理文件: 地源水温度1供水温度.csv
2025-05-11 14:10:15,915 INFO: 正在处理文件: 地源水温度2供水温度.csv
2025-05-11 14:10:15,927 INFO: 正在处理文件: 地源水瞬时流量.csv
2025-05-11 14:10:15,936 INFO: 正在处理文件: 地源水瞬时热流量.csv
2025-05-11 14:10:15,947 INFO: 正在处理文件: 地源水负累积热量.csv
2025-05-11 14:10:15,956 INFO: 正在处理文件: 地源进水压力.csv
2025-05-11 14:10:15,966 INFO: 正在处理文件: 地源进水温度.csv
2025-05-11 14:10:15,977 INFO: 正在处理文件: 总有功功率D1012.csv
2025-05-11 14:10:15,986 INFO: 正在处理文件: 总有功电度178404,178783.84.csv
2025-05-11 14:10:15,996 INFO: 正在处理文件: 机组运行模式0制冷1制热.csv
2025-05-11 14:10:16,006 INFO: 正在处理文件: 环境温度.csv
2025-05-11 14:10:16,016 INFO: 正在处理文件: 环境湿度.csv
2025-05-11 14:10:16,026 INFO: 正在处理文件: 空调出水压力.csv
2025-05-11 14:10:16,036 INFO: 正在处理文件: 空调出水温度.csv
2025-05-11 14:10:16,048 INFO: 正在处理文件: 空调水净累积流量.csv
2025-05-11 14:10:16,058 INFO: 正在处理文件: 空调水净累积热量.csv
2025-05-11 14:10:16,069 INFO: 正在处理文件: 空调水正累积热量.csv
2025-05-11 14:10:16,079 INFO: 正在处理文件: 空调水温度1供水温度.csv
2025-05-11 14:10:16,090 INFO: 正在处理文件: 空调水温度2供水温度.csv
2025-05-11 14:10:16,100 INFO: 正在处理文件: 空调水瞬时流量.csv
2025-05-11 14:10:16,110 INFO: 正在处理文件: 空调水瞬时热流量.csv
2025-05-11 14:10:16,119 INFO: 正在处理文件: 空调水负累积热量.csv
2025-05-11 14:10:16,129 INFO: 正在处理文件: 空调进水压力.csv
2025-05-11 14:10:16,140 INFO: 正在处理文件: 空调进水温度.csv
2025-05-11 14:10:16,152 INFO: 正在处理文件: 蒸发出水温度.csv
2025-05-11 14:10:16,162 INFO: 正在处理文件: 蒸发回水温度.csv
2025-05-11 14:10:16,172 INFO: 开始数据清洗...
2025-05-11 14:10:16,173 INFO: 原始数据维度: (8737, 44)
2025-05-11 14:10:16,174 INFO: 
各列缺失值百分比:
2025-05-11 14:10:16,174 INFO: 时间: 0.00%
2025-05-11 14:10:16,175 INFO: 1#主机运行时长: 38.25%
2025-05-11 14:10:16,175 INFO: 1#排气温度: 38.25%
2025-05-11 14:10:16,175 INFO: 1#螺杆机有功功率D1016: 38.25%
2025-05-11 14:10:16,175 INFO: 1#螺杆机有功电度D1018: 38.34%
2025-05-11 14:10:16,175 INFO: 2#主机运行时长: 38.26%
2025-05-11 14:10:16,175 INFO: 2#排气温度: 38.25%
2025-05-11 14:10:16,176 INFO: 2#螺杆机有功功率D1020: 38.25%
2025-05-11 14:10:16,176 INFO: 2#螺杆机有功电度D1022: 38.49%
2025-05-11 14:10:16,176 INFO: 冷凝出水温度: 38.25%
2025-05-11 14:10:16,176 INFO: 冷凝回水温度: 38.25%
2025-05-11 14:10:16,176 INFO: 制冷控制温度: 38.25%
2025-05-11 14:10:16,176 INFO: 启动停止命令: 38.25%
2025-05-11 14:10:16,176 INFO: 地源出水压力: 38.25%
2025-05-11 14:10:16,176 INFO: 地源出水温度: 38.25%
2025-05-11 14:10:16,176 INFO: 地源水净累积流量: 38.25%
2025-05-11 14:10:16,177 INFO: 地源水净累积热量: 38.25%
2025-05-11 14:10:16,177 INFO: 地源水正累积热量: 38.25%
2025-05-11 14:10:16,177 INFO: 地源水温度1供水温度: 38.25%
2025-05-11 14:10:16,177 INFO: 地源水温度2供水温度: 38.25%
2025-05-11 14:10:16,177 INFO: 地源水瞬时流量: 38.25%
2025-05-11 14:10:16,177 INFO: 地源水瞬时热流量: 38.25%
2025-05-11 14:10:16,177 INFO: 地源水负累积热量: 38.25%
2025-05-11 14:10:16,177 INFO: 地源进水压力: 38.25%
2025-05-11 14:10:16,177 INFO: 地源进水温度: 38.25%
2025-05-11 14:10:16,178 INFO: 总有功功率D1012: 38.25%
2025-05-11 14:10:16,178 INFO: 总有功电度178404,178783.84: 38.51%
2025-05-11 14:10:16,178 INFO: 机组运行模式0制冷1制热: 38.25%
2025-05-11 14:10:16,178 INFO: 环境温度: 38.25%
2025-05-11 14:10:16,178 INFO: 环境湿度: 38.25%
2025-05-11 14:10:16,178 INFO: 空调出水压力: 38.25%
2025-05-11 14:10:16,178 INFO: 空调出水温度: 38.25%
2025-05-11 14:10:16,178 INFO: 空调水净累积流量: 38.25%
2025-05-11 14:10:16,178 INFO: 空调水净累积热量: 38.25%
2025-05-11 14:10:16,179 INFO: 空调水正累积热量: 38.25%
2025-05-11 14:10:16,179 INFO: 空调水温度1供水温度: 38.25%
2025-05-11 14:10:16,179 INFO: 空调水温度2供水温度: 38.25%
2025-05-11 14:10:16,179 INFO: 空调水瞬时流量: 38.25%
2025-05-11 14:10:16,180 INFO: 空调水瞬时热流量: 38.25%
2025-05-11 14:10:16,180 INFO: 空调水负累积热量: 38.26%
2025-05-11 14:10:16,180 INFO: 空调进水压力: 38.25%
2025-05-11 14:10:16,180 INFO: 空调进水温度: 38.25%
2025-05-11 14:10:16,180 INFO: 蒸发出水温度: 38.25%
2025-05-11 14:10:16,180 INFO: 蒸发回水温度: 38.25%
2025-05-11 14:10:16,181 INFO: 对列 1#主机运行时长 使用时间模式填充
2025-05-11 14:10:16,192 INFO: 对列 1#排气温度 使用时间模式填充
2025-05-11 14:10:16,194 INFO: 对列 1#螺杆机有功功率D1016 使用时间模式填充
2025-05-11 14:10:16,197 INFO: 对列 1#螺杆机有功电度D1018 使用时间模式填充
2025-05-11 14:10:16,199 INFO: 对列 2#主机运行时长 使用时间模式填充
2025-05-11 14:10:16,202 INFO: 对列 2#排气温度 使用时间模式填充
2025-05-11 14:10:16,204 INFO: 对列 2#螺杆机有功功率D1020 使用时间模式填充
2025-05-11 14:10:16,207 INFO: 对列 2#螺杆机有功电度D1022 使用时间模式填充
2025-05-11 14:10:16,209 INFO: 对列 冷凝出水温度 使用时间模式填充
2025-05-11 14:10:16,212 INFO: 对列 冷凝回水温度 使用时间模式填充
2025-05-11 14:10:16,214 INFO: 对列 制冷控制温度 使用时间模式填充
2025-05-11 14:10:16,217 INFO: 对列 启动停止命令 使用时间模式填充
2025-05-11 14:10:16,219 INFO: 对列 地源出水压力 使用时间模式填充
2025-05-11 14:10:16,223 INFO: 对列 地源出水温度 使用时间模式填充
2025-05-11 14:10:16,225 INFO: 对列 地源水净累积流量 使用时间模式填充
2025-05-11 14:10:16,228 INFO: 对列 地源水净累积热量 使用时间模式填充
2025-05-11 14:10:16,230 INFO: 对列 地源水正累积热量 使用时间模式填充
2025-05-11 14:10:16,233 INFO: 对列 地源水温度1供水温度 使用时间模式填充
2025-05-11 14:10:16,237 INFO: 对列 地源水温度2供水温度 使用时间模式填充
2025-05-11 14:10:16,240 INFO: 对列 地源水瞬时流量 使用时间模式填充
2025-05-11 14:10:16,242 INFO: 对列 地源水瞬时热流量 使用时间模式填充
2025-05-11 14:10:16,244 INFO: 对列 地源水负累积热量 使用时间模式填充
2025-05-11 14:10:16,247 INFO: 对列 地源进水压力 使用时间模式填充
2025-05-11 14:10:16,249 INFO: 对列 地源进水温度 使用时间模式填充
2025-05-11 14:10:16,251 INFO: 对列 总有功功率D1012 使用时间模式填充
2025-05-11 14:10:16,254 INFO: 对列 总有功电度178404,178783.84 使用时间模式填充
2025-05-11 14:10:16,256 INFO: 对列 机组运行模式0制冷1制热 使用时间模式填充
2025-05-11 14:10:16,259 INFO: 对列 环境温度 使用时间模式填充
2025-05-11 14:10:16,261 INFO: 对列 环境湿度 使用时间模式填充
2025-05-11 14:10:16,264 INFO: 对列 空调出水压力 使用时间模式填充
2025-05-11 14:10:16,267 INFO: 对列 空调出水温度 使用时间模式填充
2025-05-11 14:10:16,270 INFO: 对列 空调水净累积流量 使用时间模式填充
2025-05-11 14:10:16,273 INFO: 对列 空调水净累积热量 使用时间模式填充
2025-05-11 14:10:16,277 INFO: 对列 空调水正累积热量 使用时间模式填充
2025-05-11 14:10:16,279 INFO: 对列 空调水温度1供水温度 使用时间模式填充
2025-05-11 14:10:16,283 INFO: 对列 空调水温度2供水温度 使用时间模式填充
2025-05-11 14:10:16,285 INFO: 对列 空调水瞬时流量 使用时间模式填充
2025-05-11 14:10:16,288 INFO: 对列 空调水瞬时热流量 使用时间模式填充
2025-05-11 14:10:16,291 INFO: 对列 空调水负累积热量 使用时间模式填充
2025-05-11 14:10:16,295 INFO: 对列 空调进水压力 使用时间模式填充
2025-05-11 14:10:16,299 INFO: 对列 空调进水温度 使用时间模式填充
2025-05-11 14:10:16,301 INFO: 对列 蒸发出水温度 使用时间模式填充
2025-05-11 14:10:16,305 INFO: 对列 蒸发回水温度 使用时间模式填充
2025-05-11 14:10:16,314 INFO: 列 1#排气温度 中发现 2707 个异常值
2025-05-11 14:10:16,317 INFO: 列 1#螺杆机有功功率D1016 中发现 2556 个异常值
2025-05-11 14:10:16,320 INFO: 列 2#排气温度 中发现 77 个异常值
2025-05-11 14:10:16,321 INFO: 列 2#螺杆机有功功率D1020 中发现 611 个异常值
2025-05-11 14:10:16,325 INFO: 列 冷凝出水温度 中发现 1753 个异常值
2025-05-11 14:10:16,326 INFO: 列 冷凝回水温度 中发现 2707 个异常值
2025-05-11 14:10:16,328 INFO: 列 制冷控制温度 中发现 1849 个异常值
2025-05-11 14:10:16,330 INFO: 列 地源出水压力 中发现 747 个异常值
2025-05-11 14:10:16,331 INFO: 列 地源出水温度 中发现 1825 个异常值
2025-05-11 14:10:16,340 INFO: 列 地源进水压力 中发现 2008 个异常值
2025-05-11 14:10:16,342 INFO: 列 地源进水温度 中发现 1509 个异常值
2025-05-11 14:10:16,344 INFO: 列 总有功功率D1012 中发现 547 个异常值
2025-05-11 14:10:16,346 INFO: 列 机组运行模式0制冷1制热 中发现 1561 个异常值
2025-05-11 14:10:16,348 INFO: 列 环境温度 中发现 2156 个异常值
2025-05-11 14:10:16,350 INFO: 列 空调出水压力 中发现 40 个异常值
2025-05-11 14:10:16,352 INFO: 列 空调出水温度 中发现 1970 个异常值
2025-05-11 14:10:16,355 INFO: 列 空调水正累积热量 中发现 738 个异常值
2025-05-11 14:10:16,357 INFO: 列 空调水温度1供水温度 中发现 1934 个异常值
2025-05-11 14:10:16,359 INFO: 列 空调水温度2供水温度 中发现 1518 个异常值
2025-05-11 14:10:16,360 INFO: 列 空调水瞬时流量 中发现 2013 个异常值
2025-05-11 14:10:16,362 INFO: 列 空调水瞬时热流量 中发现 815 个异常值
2025-05-11 14:10:16,364 INFO: 列 空调进水压力 中发现 1528 个异常值
2025-05-11 14:10:16,366 INFO: 列 空调进水温度 中发现 1559 个异常值
2025-05-11 14:10:16,367 INFO: 列 蒸发出水温度 中发现 1304 个异常值
2025-05-11 14:10:16,369 INFO: 列 蒸发回水温度 中发现 876 个异常值
2025-05-11 14:10:16,370 INFO: 清洗后数据维度: (8737, 44)
2025-05-11 14:10:16,370 INFO: 
生成数据质量报告...
2025-05-11 14:10:43,105 INFO: 开始数据预处理...
2025-05-11 14:10:43,106 INFO: 找到 43 个CSV文件
2025-05-11 14:10:43,106 INFO: 正在处理文件: 1#主机运行时长.csv
2025-05-11 14:10:43,116 INFO: 正在处理文件: 1#排气温度.csv
2025-05-11 14:10:43,124 INFO: 正在处理文件: 1#螺杆机有功功率D1016.csv
2025-05-11 14:10:43,134 INFO: 正在处理文件: 1#螺杆机有功电度D1018.csv
2025-05-11 14:10:43,145 INFO: 正在处理文件: 2#主机运行时长.csv
2025-05-11 14:10:43,152 INFO: 正在处理文件: 2#排气温度.csv
2025-05-11 14:10:43,164 INFO: 正在处理文件: 2#螺杆机有功功率D1020.csv
2025-05-11 14:10:43,173 INFO: 正在处理文件: 2#螺杆机有功电度D1022.csv
2025-05-11 14:10:43,183 INFO: 正在处理文件: 冷凝出水温度.csv
2025-05-11 14:10:43,191 INFO: 正在处理文件: 冷凝回水温度.csv
2025-05-11 14:10:43,201 INFO: 正在处理文件: 制冷控制温度.csv
2025-05-11 14:10:43,213 INFO: 正在处理文件: 启动停止命令.csv
2025-05-11 14:10:43,222 INFO: 正在处理文件: 地源出水压力.csv
2025-05-11 14:10:43,229 INFO: 正在处理文件: 地源出水温度.csv
2025-05-11 14:10:43,239 INFO: 正在处理文件: 地源水净累积流量.csv
2025-05-11 14:10:43,252 INFO: 正在处理文件: 地源水净累积热量.csv
2025-05-11 14:10:43,263 INFO: 正在处理文件: 地源水正累积热量.csv
2025-05-11 14:10:43,271 INFO: 正在处理文件: 地源水温度1供水温度.csv
2025-05-11 14:10:43,282 INFO: 正在处理文件: 地源水温度2供水温度.csv
2025-05-11 14:10:43,292 INFO: 正在处理文件: 地源水瞬时流量.csv
2025-05-11 14:10:43,300 INFO: 正在处理文件: 地源水瞬时热流量.csv
2025-05-11 14:10:43,309 INFO: 正在处理文件: 地源水负累积热量.csv
2025-05-11 14:10:43,319 INFO: 正在处理文件: 地源进水压力.csv
2025-05-11 14:10:43,331 INFO: 正在处理文件: 地源进水温度.csv
2025-05-11 14:10:43,340 INFO: 正在处理文件: 总有功功率D1012.csv
2025-05-11 14:10:43,350 INFO: 正在处理文件: 总有功电度178404,178783.84.csv
2025-05-11 14:10:43,362 INFO: 正在处理文件: 机组运行模式0制冷1制热.csv
2025-05-11 14:10:43,366 INFO: 正在处理文件: 环境温度.csv
2025-05-11 14:10:43,382 INFO: 正在处理文件: 环境湿度.csv
2025-05-11 14:10:43,388 INFO: 正在处理文件: 空调出水压力.csv
2025-05-11 14:10:43,401 INFO: 正在处理文件: 空调出水温度.csv
2025-05-11 14:10:43,405 INFO: 正在处理文件: 空调水净累积流量.csv
2025-05-11 14:10:43,422 INFO: 正在处理文件: 空调水净累积热量.csv
2025-05-11 14:10:43,432 INFO: 正在处理文件: 空调水正累积热量.csv
2025-05-11 14:10:43,443 INFO: 正在处理文件: 空调水温度1供水温度.csv
2025-05-11 14:10:43,454 INFO: 正在处理文件: 空调水温度2供水温度.csv
2025-05-11 14:10:43,463 INFO: 正在处理文件: 空调水瞬时流量.csv
2025-05-11 14:10:43,473 INFO: 正在处理文件: 空调水瞬时热流量.csv
2025-05-11 14:10:43,484 INFO: 正在处理文件: 空调水负累积热量.csv
2025-05-11 14:10:43,494 INFO: 正在处理文件: 空调进水压力.csv
2025-05-11 14:10:43,506 INFO: 正在处理文件: 空调进水温度.csv
2025-05-11 14:10:43,516 INFO: 正在处理文件: 蒸发出水温度.csv
2025-05-11 14:10:43,525 INFO: 正在处理文件: 蒸发回水温度.csv
2025-05-11 14:10:43,533 INFO: 开始数据清洗...
2025-05-11 14:10:43,533 INFO: 原始数据维度: (8737, 44)
2025-05-11 14:10:43,537 INFO: 
各列缺失值百分比:
2025-05-11 14:10:43,537 INFO: 时间: 0.00%
2025-05-11 14:10:43,537 INFO: 1#主机运行时长: 38.25%
2025-05-11 14:10:43,537 INFO: 1#排气温度: 38.25%
2025-05-11 14:10:43,537 INFO: 1#螺杆机有功功率D1016: 38.25%
2025-05-11 14:10:43,538 INFO: 1#螺杆机有功电度D1018: 38.34%
2025-05-11 14:10:43,538 INFO: 2#主机运行时长: 38.26%
2025-05-11 14:10:43,538 INFO: 2#排气温度: 38.25%
2025-05-11 14:10:43,538 INFO: 2#螺杆机有功功率D1020: 38.25%
2025-05-11 14:10:43,538 INFO: 2#螺杆机有功电度D1022: 38.49%
2025-05-11 14:10:43,538 INFO: 冷凝出水温度: 38.25%
2025-05-11 14:10:43,538 INFO: 冷凝回水温度: 38.25%
2025-05-11 14:10:43,538 INFO: 制冷控制温度: 38.25%
2025-05-11 14:10:43,538 INFO: 启动停止命令: 38.25%
2025-05-11 14:10:43,538 INFO: 地源出水压力: 38.25%
2025-05-11 14:10:43,539 INFO: 地源出水温度: 38.25%
2025-05-11 14:10:43,539 INFO: 地源水净累积流量: 38.25%
2025-05-11 14:10:43,539 INFO: 地源水净累积热量: 38.25%
2025-05-11 14:10:43,539 INFO: 地源水正累积热量: 38.25%
2025-05-11 14:10:43,539 INFO: 地源水温度1供水温度: 38.25%
2025-05-11 14:10:43,539 INFO: 地源水温度2供水温度: 38.25%
2025-05-11 14:10:43,539 INFO: 地源水瞬时流量: 38.25%
2025-05-11 14:10:43,539 INFO: 地源水瞬时热流量: 38.25%
2025-05-11 14:10:43,539 INFO: 地源水负累积热量: 38.25%
2025-05-11 14:10:43,539 INFO: 地源进水压力: 38.25%
2025-05-11 14:10:43,539 INFO: 地源进水温度: 38.25%
2025-05-11 14:10:43,540 INFO: 总有功功率D1012: 38.25%
2025-05-11 14:10:43,540 INFO: 总有功电度178404,178783.84: 38.51%
2025-05-11 14:10:43,540 INFO: 机组运行模式0制冷1制热: 38.25%
2025-05-11 14:10:43,540 INFO: 环境温度: 38.25%
2025-05-11 14:10:43,540 INFO: 环境湿度: 38.25%
2025-05-11 14:10:43,540 INFO: 空调出水压力: 38.25%
2025-05-11 14:10:43,540 INFO: 空调出水温度: 38.25%
2025-05-11 14:10:43,540 INFO: 空调水净累积流量: 38.25%
2025-05-11 14:10:43,540 INFO: 空调水净累积热量: 38.25%
2025-05-11 14:10:43,541 INFO: 空调水正累积热量: 38.25%
2025-05-11 14:10:43,541 INFO: 空调水温度1供水温度: 38.25%
2025-05-11 14:10:43,541 INFO: 空调水温度2供水温度: 38.25%
2025-05-11 14:10:43,541 INFO: 空调水瞬时流量: 38.25%
2025-05-11 14:10:43,541 INFO: 空调水瞬时热流量: 38.25%
2025-05-11 14:10:43,541 INFO: 空调水负累积热量: 38.26%
2025-05-11 14:10:43,541 INFO: 空调进水压力: 38.25%
2025-05-11 14:10:43,541 INFO: 空调进水温度: 38.25%
2025-05-11 14:10:43,541 INFO: 蒸发出水温度: 38.25%
2025-05-11 14:10:43,541 INFO: 蒸发回水温度: 38.25%
2025-05-11 14:10:43,541 INFO: 对列 1#主机运行时长 使用时间模式填充
2025-05-11 14:10:43,547 INFO: 对列 1#排气温度 使用时间模式填充
2025-05-11 14:10:43,549 INFO: 对列 1#螺杆机有功功率D1016 使用时间模式填充
2025-05-11 14:10:43,552 INFO: 对列 1#螺杆机有功电度D1018 使用时间模式填充
2025-05-11 14:10:43,555 INFO: 对列 2#主机运行时长 使用时间模式填充
2025-05-11 14:10:43,557 INFO: 对列 2#排气温度 使用时间模式填充
2025-05-11 14:10:43,558 INFO: 对列 2#螺杆机有功功率D1020 使用时间模式填充
2025-05-11 14:10:43,562 INFO: 对列 2#螺杆机有功电度D1022 使用时间模式填充
2025-05-11 14:10:43,565 INFO: 对列 冷凝出水温度 使用时间模式填充
2025-05-11 14:10:43,566 INFO: 对列 冷凝回水温度 使用时间模式填充
2025-05-11 14:10:43,571 INFO: 对列 制冷控制温度 使用时间模式填充
2025-05-11 14:10:43,573 INFO: 对列 启动停止命令 使用时间模式填充
2025-05-11 14:10:43,575 INFO: 对列 地源出水压力 使用时间模式填充
2025-05-11 14:10:43,578 INFO: 对列 地源出水温度 使用时间模式填充
2025-05-11 14:10:43,580 INFO: 对列 地源水净累积流量 使用时间模式填充
2025-05-11 14:10:43,583 INFO: 对列 地源水净累积热量 使用时间模式填充
2025-05-11 14:10:43,585 INFO: 对列 地源水正累积热量 使用时间模式填充
2025-05-11 14:10:43,590 INFO: 对列 地源水温度1供水温度 使用时间模式填充
2025-05-11 14:10:43,592 INFO: 对列 地源水温度2供水温度 使用时间模式填充
2025-05-11 14:10:43,595 INFO: 对列 地源水瞬时流量 使用时间模式填充
2025-05-11 14:10:43,597 INFO: 对列 地源水瞬时热流量 使用时间模式填充
2025-05-11 14:10:43,600 INFO: 对列 地源水负累积热量 使用时间模式填充
2025-05-11 14:10:43,602 INFO: 对列 地源进水压力 使用时间模式填充
2025-05-11 14:10:43,605 INFO: 对列 地源进水温度 使用时间模式填充
2025-05-11 14:10:43,608 INFO: 对列 总有功功率D1012 使用时间模式填充
2025-05-11 14:10:43,611 INFO: 对列 总有功电度178404,178783.84 使用时间模式填充
2025-05-11 14:10:43,618 INFO: 对列 机组运行模式0制冷1制热 使用时间模式填充
2025-05-11 14:10:43,623 INFO: 对列 环境温度 使用时间模式填充
2025-05-11 14:10:43,627 INFO: 对列 环境湿度 使用时间模式填充
2025-05-11 14:10:43,631 INFO: 对列 空调出水压力 使用时间模式填充
2025-05-11 14:10:43,640 INFO: 对列 空调出水温度 使用时间模式填充
2025-05-11 14:10:43,644 INFO: 对列 空调水净累积流量 使用时间模式填充
2025-05-11 14:10:43,648 INFO: 对列 空调水净累积热量 使用时间模式填充
2025-05-11 14:10:43,654 INFO: 对列 空调水正累积热量 使用时间模式填充
2025-05-11 14:10:43,658 INFO: 对列 空调水温度1供水温度 使用时间模式填充
2025-05-11 14:10:43,660 INFO: 对列 空调水温度2供水温度 使用时间模式填充
2025-05-11 14:10:43,660 INFO: 对列 空调水瞬时流量 使用时间模式填充
2025-05-11 14:10:43,672 INFO: 对列 空调水瞬时热流量 使用时间模式填充
2025-05-11 14:10:43,675 INFO: 对列 空调水负累积热量 使用时间模式填充
2025-05-11 14:10:43,680 INFO: 对列 空调进水压力 使用时间模式填充
2025-05-11 14:10:43,682 INFO: 对列 空调进水温度 使用时间模式填充
2025-05-11 14:10:43,686 INFO: 对列 蒸发出水温度 使用时间模式填充
2025-05-11 14:10:43,689 INFO: 对列 蒸发回水温度 使用时间模式填充
2025-05-11 14:10:43,690 INFO: 列 1#排气温度 中发现 2707 个异常值
2025-05-11 14:10:43,701 INFO: 列 1#螺杆机有功功率D1016 中发现 2556 个异常值
2025-05-11 14:10:43,704 INFO: 列 2#排气温度 中发现 77 个异常值
2025-05-11 14:10:43,706 INFO: 列 2#螺杆机有功功率D1020 中发现 611 个异常值
2025-05-11 14:10:43,707 INFO: 列 冷凝出水温度 中发现 1753 个异常值
2025-05-11 14:10:43,707 INFO: 列 冷凝回水温度 中发现 2707 个异常值
2025-05-11 14:10:43,707 INFO: 列 制冷控制温度 中发现 1849 个异常值
2025-05-11 14:10:43,707 INFO: 列 地源出水压力 中发现 747 个异常值
2025-05-11 14:10:43,717 INFO: 列 地源出水温度 中发现 1825 个异常值
2025-05-11 14:10:43,724 INFO: 列 地源进水压力 中发现 2008 个异常值
2025-05-11 14:10:43,727 INFO: 列 地源进水温度 中发现 1509 个异常值
2025-05-11 14:10:43,730 INFO: 列 总有功功率D1012 中发现 547 个异常值
2025-05-11 14:10:43,733 INFO: 列 机组运行模式0制冷1制热 中发现 1561 个异常值
2025-05-11 14:10:43,734 INFO: 列 环境温度 中发现 2156 个异常值
2025-05-11 14:10:43,737 INFO: 列 空调出水压力 中发现 40 个异常值
2025-05-11 14:10:43,738 INFO: 列 空调出水温度 中发现 1970 个异常值
2025-05-11 14:10:43,742 INFO: 列 空调水正累积热量 中发现 738 个异常值
2025-05-11 14:10:43,744 INFO: 列 空调水温度1供水温度 中发现 1934 个异常值
2025-05-11 14:10:43,745 INFO: 列 空调水温度2供水温度 中发现 1518 个异常值
2025-05-11 14:10:43,745 INFO: 列 空调水瞬时流量 中发现 2013 个异常值
2025-05-11 14:10:43,745 INFO: 列 空调水瞬时热流量 中发现 815 个异常值
2025-05-11 14:10:43,751 INFO: 列 空调进水压力 中发现 1528 个异常值
2025-05-11 14:10:43,753 INFO: 列 空调进水温度 中发现 1559 个异常值
2025-05-11 14:10:43,755 INFO: 列 蒸发出水温度 中发现 1304 个异常值
2025-05-11 14:10:43,756 INFO: 列 蒸发回水温度 中发现 876 个异常值
2025-05-11 14:10:43,756 INFO: 清洗后数据维度: (8737, 44)
2025-05-11 14:10:43,758 INFO: 
生成数据质量报告...
2025-05-11 14:12:25,247 INFO: 开始数据预处理...
2025-05-11 14:12:25,247 INFO: 找到 43 个CSV文件
2025-05-11 14:12:25,248 INFO: 正在处理文件: 1#主机运行时长.csv
2025-05-11 14:12:25,257 INFO: 正在处理文件: 1#排气温度.csv
2025-05-11 14:12:25,266 INFO: 正在处理文件: 1#螺杆机有功功率D1016.csv
2025-05-11 14:12:25,276 INFO: 正在处理文件: 1#螺杆机有功电度D1018.csv
2025-05-11 14:12:25,285 INFO: 正在处理文件: 2#主机运行时长.csv
2025-05-11 14:12:25,296 INFO: 正在处理文件: 2#排气温度.csv
2025-05-11 14:12:25,304 INFO: 正在处理文件: 2#螺杆机有功功率D1020.csv
2025-05-11 14:12:25,309 INFO: 正在处理文件: 2#螺杆机有功电度D1022.csv
2025-05-11 14:12:25,323 INFO: 正在处理文件: 冷凝出水温度.csv
2025-05-11 14:12:25,333 INFO: 正在处理文件: 冷凝回水温度.csv
2025-05-11 14:12:25,342 INFO: 正在处理文件: 制冷控制温度.csv
2025-05-11 14:12:25,351 INFO: 正在处理文件: 启动停止命令.csv
2025-05-11 14:12:25,361 INFO: 正在处理文件: 地源出水压力.csv
2025-05-11 14:12:25,368 INFO: 正在处理文件: 地源出水温度.csv
2025-05-11 14:12:25,380 INFO: 正在处理文件: 地源水净累积流量.csv
2025-05-11 14:12:25,388 INFO: 正在处理文件: 地源水净累积热量.csv
2025-05-11 14:12:25,402 INFO: 正在处理文件: 地源水正累积热量.csv
2025-05-11 14:12:25,412 INFO: 正在处理文件: 地源水温度1供水温度.csv
2025-05-11 14:12:25,424 INFO: 正在处理文件: 地源水温度2供水温度.csv
2025-05-11 14:12:25,436 INFO: 正在处理文件: 地源水瞬时流量.csv
2025-05-11 14:12:25,446 INFO: 正在处理文件: 地源水瞬时热流量.csv
2025-05-11 14:12:25,454 INFO: 正在处理文件: 地源水负累积热量.csv
2025-05-11 14:12:25,463 INFO: 正在处理文件: 地源进水压力.csv
2025-05-11 14:12:25,474 INFO: 正在处理文件: 地源进水温度.csv
2025-05-11 14:12:25,485 INFO: 正在处理文件: 总有功功率D1012.csv
2025-05-11 14:12:25,495 INFO: 正在处理文件: 总有功电度178404,178783.84.csv
2025-05-11 14:12:25,508 INFO: 正在处理文件: 机组运行模式0制冷1制热.csv
2025-05-11 14:12:25,517 INFO: 正在处理文件: 环境温度.csv
2025-05-11 14:12:25,526 INFO: 正在处理文件: 环境湿度.csv
2025-05-11 14:12:25,538 INFO: 正在处理文件: 空调出水压力.csv
2025-05-11 14:12:25,548 INFO: 正在处理文件: 空调出水温度.csv
2025-05-11 14:12:25,551 INFO: 正在处理文件: 空调水净累积流量.csv
2025-05-11 14:12:25,568 INFO: 正在处理文件: 空调水净累积热量.csv
2025-05-11 14:12:25,580 INFO: 正在处理文件: 空调水正累积热量.csv
2025-05-11 14:12:25,590 INFO: 正在处理文件: 空调水温度1供水温度.csv
2025-05-11 14:12:25,601 INFO: 正在处理文件: 空调水温度2供水温度.csv
2025-05-11 14:12:25,611 INFO: 正在处理文件: 空调水瞬时流量.csv
2025-05-11 14:12:25,620 INFO: 正在处理文件: 空调水瞬时热流量.csv
2025-05-11 14:12:25,622 INFO: 正在处理文件: 空调水负累积热量.csv
2025-05-11 14:12:25,636 INFO: 正在处理文件: 空调进水压力.csv
2025-05-11 14:12:25,647 INFO: 正在处理文件: 空调进水温度.csv
2025-05-11 14:12:25,662 INFO: 正在处理文件: 蒸发出水温度.csv
2025-05-11 14:12:25,666 INFO: 正在处理文件: 蒸发回水温度.csv
2025-05-11 14:12:25,679 INFO: 开始数据清洗...
2025-05-11 14:12:25,679 INFO: 原始数据维度: (8737, 44)
2025-05-11 14:12:25,683 INFO: 
各列缺失值百分比:
2025-05-11 14:12:25,683 INFO: 时间: 0.00%
2025-05-11 14:12:25,683 INFO: 1#主机运行时长: 38.25%
2025-05-11 14:12:25,683 INFO: 1#排气温度: 38.25%
2025-05-11 14:12:25,683 INFO: 1#螺杆机有功功率D1016: 38.25%
2025-05-11 14:12:25,684 INFO: 1#螺杆机有功电度D1018: 38.34%
2025-05-11 14:12:25,684 INFO: 2#主机运行时长: 38.26%
2025-05-11 14:12:25,684 INFO: 2#排气温度: 38.25%
2025-05-11 14:12:25,684 INFO: 2#螺杆机有功功率D1020: 38.25%
2025-05-11 14:12:25,684 INFO: 2#螺杆机有功电度D1022: 38.49%
2025-05-11 14:12:25,685 INFO: 冷凝出水温度: 38.25%
2025-05-11 14:12:25,685 INFO: 冷凝回水温度: 38.25%
2025-05-11 14:12:25,685 INFO: 制冷控制温度: 38.25%
2025-05-11 14:12:25,685 INFO: 启动停止命令: 38.25%
2025-05-11 14:12:25,685 INFO: 地源出水压力: 38.25%
2025-05-11 14:12:25,685 INFO: 地源出水温度: 38.25%
2025-05-11 14:12:25,686 INFO: 地源水净累积流量: 38.25%
2025-05-11 14:12:25,686 INFO: 地源水净累积热量: 38.25%
2025-05-11 14:12:25,686 INFO: 地源水正累积热量: 38.25%
2025-05-11 14:12:25,686 INFO: 地源水温度1供水温度: 38.25%
2025-05-11 14:12:25,686 INFO: 地源水温度2供水温度: 38.25%
2025-05-11 14:12:25,686 INFO: 地源水瞬时流量: 38.25%
2025-05-11 14:12:25,686 INFO: 地源水瞬时热流量: 38.25%
2025-05-11 14:12:25,686 INFO: 地源水负累积热量: 38.25%
2025-05-11 14:12:25,687 INFO: 地源进水压力: 38.25%
2025-05-11 14:12:25,687 INFO: 地源进水温度: 38.25%
2025-05-11 14:12:25,687 INFO: 总有功功率D1012: 38.25%
2025-05-11 14:12:25,687 INFO: 总有功电度178404,178783.84: 38.51%
2025-05-11 14:12:25,687 INFO: 机组运行模式0制冷1制热: 38.25%
2025-05-11 14:12:25,687 INFO: 环境温度: 38.25%
2025-05-11 14:12:25,687 INFO: 环境湿度: 38.25%
2025-05-11 14:12:25,687 INFO: 空调出水压力: 38.25%
2025-05-11 14:12:25,688 INFO: 空调出水温度: 38.25%
2025-05-11 14:12:25,688 INFO: 空调水净累积流量: 38.25%
2025-05-11 14:12:25,688 INFO: 空调水净累积热量: 38.25%
2025-05-11 14:12:25,688 INFO: 空调水正累积热量: 38.25%
2025-05-11 14:12:25,688 INFO: 空调水温度1供水温度: 38.25%
2025-05-11 14:12:25,688 INFO: 空调水温度2供水温度: 38.25%
2025-05-11 14:12:25,688 INFO: 空调水瞬时流量: 38.25%
2025-05-11 14:12:25,688 INFO: 空调水瞬时热流量: 38.25%
2025-05-11 14:12:25,688 INFO: 空调水负累积热量: 38.26%
2025-05-11 14:12:25,688 INFO: 空调进水压力: 38.25%
2025-05-11 14:12:25,689 INFO: 空调进水温度: 38.25%
2025-05-11 14:12:25,689 INFO: 蒸发出水温度: 38.25%
2025-05-11 14:12:25,689 INFO: 蒸发回水温度: 38.25%
2025-05-11 14:12:25,689 INFO: 对列 1#主机运行时长 使用时间模式填充
2025-05-11 14:12:25,692 INFO: 对列 1#排气温度 使用时间模式填充
2025-05-11 14:12:25,695 INFO: 对列 1#螺杆机有功功率D1016 使用时间模式填充
2025-05-11 14:12:25,698 INFO: 对列 1#螺杆机有功电度D1018 使用时间模式填充
2025-05-11 14:12:25,699 INFO: 对列 2#主机运行时长 使用时间模式填充
2025-05-11 14:12:25,702 INFO: 对列 2#排气温度 使用时间模式填充
2025-05-11 14:12:25,704 INFO: 对列 2#螺杆机有功功率D1020 使用时间模式填充
2025-05-11 14:12:25,707 INFO: 对列 2#螺杆机有功电度D1022 使用时间模式填充
2025-05-11 14:12:25,710 INFO: 对列 冷凝出水温度 使用时间模式填充
2025-05-11 14:12:25,712 INFO: 对列 冷凝回水温度 使用时间模式填充
2025-05-11 14:12:25,715 INFO: 对列 制冷控制温度 使用时间模式填充
2025-05-11 14:12:25,717 INFO: 对列 启动停止命令 使用时间模式填充
2025-05-11 14:12:25,719 INFO: 对列 地源出水压力 使用时间模式填充
2025-05-11 14:12:25,722 INFO: 对列 地源出水温度 使用时间模式填充
2025-05-11 14:12:25,724 INFO: 对列 地源水净累积流量 使用时间模式填充
2025-05-11 14:12:25,727 INFO: 对列 地源水净累积热量 使用时间模式填充
2025-05-11 14:12:25,730 INFO: 对列 地源水正累积热量 使用时间模式填充
2025-05-11 14:12:25,732 INFO: 对列 地源水温度1供水温度 使用时间模式填充
2025-05-11 14:12:25,735 INFO: 对列 地源水温度2供水温度 使用时间模式填充
2025-05-11 14:12:25,737 INFO: 对列 地源水瞬时流量 使用时间模式填充
2025-05-11 14:12:25,739 INFO: 对列 地源水瞬时热流量 使用时间模式填充
2025-05-11 14:12:25,742 INFO: 对列 地源水负累积热量 使用时间模式填充
2025-05-11 14:12:25,745 INFO: 对列 地源进水压力 使用时间模式填充
2025-05-11 14:12:25,747 INFO: 对列 地源进水温度 使用时间模式填充
2025-05-11 14:12:25,749 INFO: 对列 总有功功率D1012 使用时间模式填充
2025-05-11 14:12:25,752 INFO: 对列 总有功电度178404,178783.84 使用时间模式填充
2025-05-11 14:12:25,754 INFO: 对列 机组运行模式0制冷1制热 使用时间模式填充
2025-05-11 14:12:25,757 INFO: 对列 环境温度 使用时间模式填充
2025-05-11 14:12:25,759 INFO: 对列 环境湿度 使用时间模式填充
2025-05-11 14:12:25,761 INFO: 对列 空调出水压力 使用时间模式填充
2025-05-11 14:12:25,765 INFO: 对列 空调出水温度 使用时间模式填充
2025-05-11 14:12:25,768 INFO: 对列 空调水净累积流量 使用时间模式填充
2025-05-11 14:12:25,771 INFO: 对列 空调水净累积热量 使用时间模式填充
2025-05-11 14:12:25,774 INFO: 对列 空调水正累积热量 使用时间模式填充
2025-05-11 14:12:25,777 INFO: 对列 空调水温度1供水温度 使用时间模式填充
2025-05-11 14:12:25,778 INFO: 对列 空调水温度2供水温度 使用时间模式填充
2025-05-11 14:12:25,784 INFO: 对列 空调水瞬时流量 使用时间模式填充
2025-05-11 14:12:25,787 INFO: 对列 空调水瞬时热流量 使用时间模式填充
2025-05-11 14:12:25,787 INFO: 对列 空调水负累积热量 使用时间模式填充
2025-05-11 14:12:25,792 INFO: 对列 空调进水压力 使用时间模式填充
2025-05-11 14:12:25,797 INFO: 对列 空调进水温度 使用时间模式填充
2025-05-11 14:12:25,800 INFO: 对列 蒸发出水温度 使用时间模式填充
2025-05-11 14:12:25,803 INFO: 对列 蒸发回水温度 使用时间模式填充
2025-05-11 14:12:25,811 INFO: 列 1#排气温度 中发现 2707 个异常值
2025-05-11 14:12:25,813 INFO: 列 1#螺杆机有功功率D1016 中发现 2556 个异常值
2025-05-11 14:12:25,816 INFO: 列 2#排气温度 中发现 77 个异常值
2025-05-11 14:12:25,818 INFO: 列 2#螺杆机有功功率D1020 中发现 611 个异常值
2025-05-11 14:12:25,821 INFO: 列 冷凝出水温度 中发现 1753 个异常值
2025-05-11 14:12:25,822 INFO: 列 冷凝回水温度 中发现 2707 个异常值
2025-05-11 14:12:25,823 INFO: 列 制冷控制温度 中发现 1849 个异常值
2025-05-11 14:12:25,827 INFO: 列 地源出水压力 中发现 747 个异常值
2025-05-11 14:12:25,829 INFO: 列 地源出水温度 中发现 1825 个异常值
2025-05-11 14:12:25,838 INFO: 列 地源进水压力 中发现 2008 个异常值
2025-05-11 14:12:25,839 INFO: 列 地源进水温度 中发现 1509 个异常值
2025-05-11 14:12:25,841 INFO: 列 总有功功率D1012 中发现 547 个异常值
2025-05-11 14:12:25,844 INFO: 列 机组运行模式0制冷1制热 中发现 1561 个异常值
2025-05-11 14:12:25,845 INFO: 列 环境温度 中发现 2156 个异常值
2025-05-11 14:12:25,847 INFO: 列 空调出水压力 中发现 40 个异常值
2025-05-11 14:12:25,847 INFO: 列 空调出水温度 中发现 1970 个异常值
2025-05-11 14:12:25,852 INFO: 列 空调水正累积热量 中发现 738 个异常值
2025-05-11 14:12:25,854 INFO: 列 空调水温度1供水温度 中发现 1934 个异常值
2025-05-11 14:12:25,855 INFO: 列 空调水温度2供水温度 中发现 1518 个异常值
2025-05-11 14:12:25,855 INFO: 列 空调水瞬时流量 中发现 2013 个异常值
2025-05-11 14:12:25,855 INFO: 列 空调水瞬时热流量 中发现 815 个异常值
2025-05-11 14:12:25,861 INFO: 列 空调进水压力 中发现 1528 个异常值
2025-05-11 14:12:25,863 INFO: 列 空调进水温度 中发现 1559 个异常值
2025-05-11 14:12:25,864 INFO: 列 蒸发出水温度 中发现 1304 个异常值
2025-05-11 14:12:25,866 INFO: 列 蒸发回水温度 中发现 876 个异常值
2025-05-11 14:12:25,867 INFO: 清洗后数据维度: (8737, 44)
2025-05-11 14:12:25,867 INFO: 
生成数据质量报告...
2025-05-11 14:12:25,900 INFO: 数据质量报告已保存至 ./output\数据质量报告_20250511_141225.csv
2025-05-11 14:12:29,293 INFO: 清洗后的数据已保存至 ./output\清洗后数据_20250511_141229.csv
2025-05-11 14:12:29,296 INFO: 清洗后的数据(pickle格式)已保存至 ./output\清洗后数据_20250511_141229.pkl
2025-05-11 14:12:29,423 INFO: 数据预处理完成！
